TN:
SF:src/modulos/contas/servicos/ContaServico.ts
FN:15,ContaServico
FN:22,Object.<anonymous>.ContaServico.criar
FN:39,Object.<anonymous>.ContaServico.sacar
FN:62,Object.<anonymous>.ContaServico.depositar
FN:81,Object.<anonymous>.ContaServico.pesquisaConta
FNF:5
FNH:5
FNDA:9,ContaServico
FNDA:10,Object.<anonymous>.ContaServico.criar
FNDA:3,Object.<anonymous>.ContaServico.sacar
FNDA:2,Object.<anonymous>.ContaServico.depositar
FNDA:3,Object.<anonymous>.ContaServico.pesquisaConta
DA:1,1
DA:2,1
DA:3,1
DA:4,1
DA:5,1
DA:6,1
DA:7,1
DA:8,1
DA:9,1
DA:10,1
DA:11,1
DA:12,1
DA:13,1
DA:14,1
DA:15,1
DA:16,9
DA:17,9
DA:18,9
DA:19,9
DA:20,9
DA:21,1
DA:22,1
DA:23,10
DA:24,10
DA:25,10
DA:26,10
DA:27,10
DA:28,1
DA:29,1
DA:30,9
DA:31,9
DA:32,9
DA:33,9
DA:34,9
DA:35,10
DA:36,10
DA:37,10
DA:38,1
DA:39,1
DA:40,3
DA:41,3
DA:42,3
DA:43,3
DA:44,3
DA:45,1
DA:46,1
DA:47,2
DA:48,3
DA:49,1
DA:50,1
DA:51,1
DA:52,1
DA:53,1
DA:54,1
DA:55,1
DA:56,1
DA:57,1
DA:58,3
DA:59,3
DA:60,3
DA:61,1
DA:62,1
DA:63,2
DA:64,2
DA:65,2
DA:66,2
DA:67,2
DA:68,1
DA:69,1
DA:70,1
DA:71,1
DA:72,1
DA:73,1
DA:74,1
DA:75,1
DA:76,1
DA:77,2
DA:78,2
DA:79,2
DA:80,1
DA:81,1
DA:82,3
DA:83,3
DA:84,3
DA:85,3
DA:86,1
DA:87,1
DA:88,2
DA:89,3
DA:90,1
DA:91,1
DA:92,1
LF:92
LH:92
BRDA:12,0,0,1
BRDA:15,1,0,9
BRDA:22,2,0,10
BRDA:23,3,0,10
BRDA:27,4,0,1
BRDA:30,5,0,9
BRDA:39,6,0,3
BRDA:40,7,0,3
BRDA:44,8,0,1
BRDA:47,9,0,2
BRDA:48,10,0,1
BRDA:62,11,0,2
BRDA:63,12,0,2
BRDA:67,13,0,1
BRDA:81,14,0,3
BRDA:82,15,0,3
BRDA:85,16,0,1
BRDA:88,17,0,2
BRF:18
BRH:18
end_of_record
